Z:\PROJEKTER\QUE\QUE.CLIENT\QUE CLIENT\RELEASE\ALBUMCOVERCACHEMANAGER.OBJ
Z:\PROJEKTER\QUE\QUE.CLIENT\QUE CLIENT\RELEASE\ALBUMCOVERDOWNLOADTHREAD.OBJ
Z:\PROJEKTER\QUE\QUE.CLIENT\QUE CLIENT\RELEASE\CACHE.OBJ
Z:\Projekter\que\Que.Client\Que Client\Release\cl.command.1.tlog
Z:\Projekter\que\Que.Client\Que Client\Release\CL.read.1.tlog
Z:\Projekter\que\Que.Client\Que Client\Release\CL.write.1.tlog
Z:\PROJEKTER\QUE\QUE.CLIENT\QUE CLIENT\RELEASE\CONFIG.OBJ
Z:\Projekter\que\Que.Client\Que Client\Release\link.command.1.tlog
Z:\Projekter\que\Que.Client\Que Client\Release\link.read.1.tlog
Z:\Projekter\que\Que.Client\Que Client\Release\link.write.1.tlog
Z:\PROJEKTER\QUE\QUE.CLIENT\QUE CLIENT\RELEASE\LOG.OBJ
Z:\PROJEKTER\QUE\QUE.CLIENT\QUE CLIENT\RELEASE\MAIN.OBJ
Z:\PROJEKTER\QUE\QUE.CLIENT\QUE CLIENT\RELEASE\NOWPLAYING.OBJ
Z:\PROJEKTER\QUE\QUE.CLIENT\QUE CLIENT\RELEASE\PARSER.OBJ
Z:\PROJEKTER\QUE\QUE.CLIENT\QUE CLIENT\RELEASE\PLAYLIST.OBJ
Z:\PROJEKTER\QUE\QUE.CLIENT\QUE CLIENT\RELEASE\PLAYLISTS.OBJ
Z:\Projekter\que\Que.Client\Que Client\Release\Que Client.exp
Z:\PROJEKTER\QUE\QUE.CLIENT\QUE CLIENT\RELEASE\RECTANGLESHAPE.OBJ
Z:\PROJEKTER\QUE\QUE.CLIENT\QUE CLIENT\RELEASE\ROUNDEDRECTANGLESHAPE.OBJ
Z:\PROJEKTER\QUE\QUE.CLIENT\QUE CLIENT\RELEASE\SCREEN.OBJ
Z:\PROJEKTER\QUE\QUE.CLIENT\QUE CLIENT\RELEASE\SCREEN_BROWSE.OBJ
Z:\PROJEKTER\QUE\QUE.CLIENT\QUE CLIENT\RELEASE\SCREEN_ERROR.OBJ
Z:\PROJEKTER\QUE\QUE.CLIENT\QUE CLIENT\RELEASE\SCREEN_LOADING.OBJ
Z:\PROJEKTER\QUE\QUE.CLIENT\QUE CLIENT\RELEASE\SCREEN_MAIN.OBJ
Z:\PROJEKTER\QUE\QUE.CLIENT\QUE CLIENT\RELEASE\TRACK.OBJ
Z:\PROJEKTER\QUE\QUE.CLIENT\QUE CLIENT\RELEASE\VC100.PDB
