Build started 10/3/2012 12:47:33 AM.
Project "Z:\Projekter\que\Que.Client\Que Client\Que Client.vcxproj" on node 2 (build target(s)).
InitializeBuildStatus:
  Touching "Release\Que Client.unsuccessfulbuild".
ClCompile:
  C:\Program Files (x86)\Microsoft Visual Studio 10.0\VC\bin\CL.exe /c /Zi /nologo /W3 /WX- /O2 /Oi /Oy- /GL /D WIN32 /D NDEBUG /D _CONSOLE /D SFML_DYNAMIC /D _UNICODE /D UNICODE /Gm- /EHsc /MT /GS /Gy /fp:precise /Zc:wchar_t /Zc:forScope /Fo"Release\\" /Fd"Release\vc100.pdb" /Gd /TP /analyze- /errorReport:prompt src\Parser.cpp
  Parser.cpp
src\Parser.cpp(452): warning C4482: nonstandard extension used: enum 'sf::Http::Response::Status' used in qualified name
Link:
  C:\Program Files (x86)\Microsoft Visual Studio 10.0\VC\bin\link.exe /ERRORREPORT:PROMPT /OUT:"Z:\Projekter\que\Que.Client\Que Client\Release\Que Client.exe" /INCREMENTAL:NO /NOLOGO "sfml-main.lib" "sfml-system.lib" "sfml-window.lib" "sfml-graphics.lib" "sfml-network.lib" ticpp.lib kernel32.lib user32.lib gdi32.lib winspool.lib comdlg32.lib advapi32.lib shell32.lib ole32.lib oleaut32.lib uuid.lib odbc32.lib odbccp32.lib /MANIFEST /ManifestFile:"Release\Que Client.exe.intermediate.manifest" /MANIFESTUAC:"level='asInvoker' uiAccess='false'" /DEBUG /PDB:"Z:\Projekter\que\Que.Client\Que Client\Release\Que Client.pdb" /SUBSYSTEM:CONSOLE /OPT:REF /OPT:ICF /LTCG /TLBID:1 /DYNAMICBASE /NXCOMPAT /IMPLIB:"Z:\Projekter\que\Que.Client\Que Client\Release\Que Client.lib" /MACHINE:X86 Release\AlbumCoverCacheManager.obj
  Release\AlbumCoverDownloadThread.obj
  Release\Cache.obj
  Release\Config.obj
  Release\Log.obj
  Release\main.obj
  Release\NowPlaying.obj
  Release\Parser.obj
  Release\Playlist.obj
  Release\Playlists.obj
  Release\RectangleShape.obj
  Release\RoundedRectangleShape.obj
  Release\Screen.obj
  Release\Screen_Browse.obj
  Release\Screen_Error.obj
  Release\Screen_Loading.obj
  Release\Screen_Main.obj
  Release\Track.obj
  Generating code
z:\projekter\que\que.client\que client\src\main.cpp(136): warning C4700: uninitialized local variable 'size' used
  Finished generating code
  Que Client.vcxproj -> Z:\Projekter\que\Que.Client\Que Client\Release\Que Client.exe
Manifest:
  C:\Program Files (x86)\Microsoft SDKs\Windows\v7.0A\bin\mt.exe /nologo /verbose /outputresource:"Z:\Projekter\que\Que.Client\Que Client\Release\Que Client.exe;#1" /manifest "Release\Que Client.exe.intermediate.manifest"
FinalizeBuildStatus:
  Deleting file "Release\Que Client.unsuccessfulbuild".
  Touching "Release\Que Client.lastbuildstate".
Done Building Project "Z:\Projekter\que\Que.Client\Que Client\Que Client.vcxproj" (build target(s)).

Build succeeded.

Time Elapsed 00:00:09.42
